{"C:\\Users\\chris\\dev\\React-Native\\base_react_native_project\\App.js": {"path":"C:\\Users\\chris\\dev\\React-Native\\base_react_native_project\\App.js","statementMap":{"0":{"start":{"line":22,"column":12},"end":{"line":35,"column":1}},"1":{"start":{"line":23,"column":2},"end":{"line":34,"column":4}},"2":{"start":{"line":37,"column":15},"end":{"line":74,"column":2}}},"fnMap":{"0":{"name":"(anonymous_0)","decl":{"start":{"line":22,"column":12},"end":{"line":22,"column":13}},"loc":{"start":{"line":22,"column":18},"end":{"line":35,"column":1}},"line":22}},"branchMap":{},"s":{"0":1,"1":1,"2":1},"f":{"0":1},"b":{},"_coverageSchema":"43e27e138ebf9cfc5966b082cf9a028302ed4184","hash":"b6f4c91d70425a43901be75d65e6bc8c62e56506"}
,"C:\\Users\\chris\\dev\\React-Native\\base_react_native_project\\src\\components\\MyButton.js": {"path":"C:\\Users\\chris\\dev\\React-Native\\base_react_native_project\\src\\components\\MyButton.js","statementMap":{"0":{"start":{"line":4,"column":17},"end":{"line":4,"column":75}},"1":{"start":{"line":4,"column":23},"end":{"line":4,"column":75}},"2":{"start":{"line":6,"column":15},"end":{"line":10,"column":2}}},"fnMap":{"0":{"name":"(anonymous_0)","decl":{"start":{"line":4,"column":17},"end":{"line":4,"column":18}},"loc":{"start":{"line":4,"column":23},"end":{"line":4,"column":75}},"line":4}},"branchMap":{},"s":{"0":2,"1":2,"2":2},"f":{"0":2},"b":{},"_coverageSchema":"43e27e138ebf9cfc5966b082cf9a028302ed4184","hash":"dbc4ae9c2e2919a2f4aec9d544f76e2ac799e0c0"}
,"C:\\Users\\chris\\dev\\React-Native\\base_react_native_project\\src\\services\\contador.js": {"path":"C:\\Users\\chris\\dev\\React-Native\\base_react_native_project\\src\\services\\contador.js","statementMap":{"0":{"start":{"line":1,"column":12},"end":{"line":1,"column":13}},"1":{"start":{"line":3,"column":19},"end":{"line":3,"column":32}},"2":{"start":{"line":3,"column":25},"end":{"line":3,"column":32}},"3":{"start":{"line":4,"column":24},"end":{"line":4,"column":35}},"4":{"start":{"line":4,"column":30},"end":{"line":4,"column":35}}},"fnMap":{"0":{"name":"(anonymous_0)","decl":{"start":{"line":3,"column":19},"end":{"line":3,"column":20}},"loc":{"start":{"line":3,"column":25},"end":{"line":3,"column":32}},"line":3},"1":{"name":"(anonymous_1)","decl":{"start":{"line":4,"column":24},"end":{"line":4,"column":25}},"loc":{"start":{"line":4,"column":30},"end":{"line":4,"column":35}},"line":4}},"branchMap":{},"s":{"0":1,"1":1,"2":1,"3":1,"4":1},"f":{"0":1,"1":1},"b":{},"_coverageSchema":"43e27e138ebf9cfc5966b082cf9a028302ed4184","hash":"824a2be1756a2bb7a0eea69e3db1c95341eae8e0"}
}
